<?xml version="1.0" encoding="UTF-8"?>
<Site BuildName="(empty)"
	BuildStamp="20230907-1949-Experimental"
	Name="LAPTOP-K77UJ8A"
	Generator="ctest-3.22.1"
	CompilerName="/usr/bin/c++"
	CompilerVersion="11.4.0"
	OSName="Linux"
	Hostname="LAPTOP-K77UJ8A"
	OSRelease="5.15.90.1-microsoft-standard-WSL2+"
	OSVersion="#2 SMP Tue May 16 09:13:20 IST 2023"
	OSPlatform="x86_64"
	Is64Bits="1"
	VendorString="AuthenticAMD"
	VendorID="Advanced Micro Devices"
	FamilyID="25"
	ModelID="80"
	ProcessorCacheSize="512"
	NumberOfLogicalCPU="12"
	NumberOfPhysicalCPU="6"
	TotalVirtualMemory="2048"
	TotalPhysicalMemory="7594"
	LogicalProcessorsPerPhysical="2"
	ProcessorClockFrequency="2295.58"
	>
	<Testing>
		<StartDateTime>Sep 08 01:26 IST</StartDateTime>
		<StartTestTime>1694116568</StartTestTime>
		<TestList/>
		<EndDateTime>Sep 08 01:26 IST</EndDateTime>
		<EndTestTime>1694116568</EndTestTime>
		<ElapsedMinutes>0</ElapsedMinutes>
	</Testing>
</Site>
